
/home/runner/work/exp-modeling-data-flow-diagrams-iitkgp/exp-modeling-data-flow-diagrams-iitkgp/experiment/simulation/js/exercise1.js
   13:10  warning  'addbtnt1' is defined but never used     no-unused-vars
   44:7   warning  'newLi' is not defined                   no-undef
   45:7   warning  'newLi' is not defined                   no-undef
   47:7   warning  'newLi' is not defined                   no-undef
   48:7   warning  'newLi' is not defined                   no-undef
   49:53  warning  'newLi' is not defined                   no-undef
   98:10  warning  'addbtnt2' is defined but never used     no-unused-vars
  150:7   warning  'newLi' is not defined                   no-undef
  153:7   warning  'newLi' is not defined                   no-undef
  154:7   warning  'newLi' is not defined                   no-undef
  155:7   warning  'newLi' is not defined                   no-undef
  156:7   warning  'newLi' is not defined                   no-undef
  159:7   warning  'newLi' is not defined                   no-undef
  162:54  warning  'newLi' is not defined                   no-undef
  166:7   warning  'newLi' is not defined                   no-undef
  212:10  warning  'addbtnt3' is defined but never used     no-unused-vars
  244:7   warning  'newLin' is not defined                  no-undef
  248:7   warning  'newLin' is not defined                  no-undef
  249:7   warning  'newLin' is not defined                  no-undef
  256:49  warning  'newLin' is not defined                  no-undef
  258:7   warning  'newLin' is not defined                  no-undef
  301:10  warning  'addbtnt4' is defined but never used     no-unused-vars
  355:5   warning  'tr' is not defined                      no-undef
  356:5   warning  'tr' is not defined                      no-undef
  357:52  warning  'tr' is not defined                      no-undef
  387:5   warning  'tr' is not defined                      no-undef
  388:5   warning  'tr' is not defined                      no-undef
  389:5   warning  'tr' is not defined                      no-undef
  390:5   warning  'tr' is not defined                      no-undef
  392:52  warning  'tr' is not defined                      no-undef
  399:10  warning  'removerowtr' is defined but never used  no-unused-vars
  401:5   warning  '$' is not defined                       no-undef
  412:10  warning  'removerowli' is defined but never used  no-unused-vars
  415:25  warning  '$' is not defined                       no-undef
  417:5   warning  '$' is not defined                       no-undef
  418:5   warning  '$' is not defined                       no-undef
  419:5   warning  '$' is not defined                       no-undef
  429:9   warning  'index' is already defined               no-redeclare
  436:9   warning  'index' is already defined               no-redeclare
  452:10  warning  'drawbtex1' is defined but never used    no-unused-vars
  468:19  warning  'joint' is not defined                   no-undef
  470:19  warning  'joint' is not defined                   no-undef
  472:3   warning  'paper' is not defined                   no-undef
  472:15  warning  'joint' is not defined                   no-undef
  490:22  warning  'joint' is not defined                   no-undef
  510:21  warning  'joint' is not defined                   no-undef
  532:16  warning  'joint' is not defined                   no-undef
  542:17  warning  'joint' is not defined                   no-undef
  562:18  warning  'joint' is not defined                   no-undef
  581:18  warning  'joint' is not defined                   no-undef
  603:18  warning  'joint' is not defined                   no-undef
  625:18  warning  'joint' is not defined                   no-undef
  644:19  warning  'joint' is not defined                   no-undef
  653:20  warning  'joint' is not defined                   no-undef
  662:20  warning  'joint' is not defined                   no-undef
  693:19  warning  'joint' is not defined                   no-undef
  725:19  warning  'joint' is not defined                   no-undef
  747:19  warning  'joint' is not defined                   no-undef
  769:19  warning  'joint' is not defined                   no-undef

/home/runner/work/exp-modeling-data-flow-diagrams-iitkgp/exp-modeling-data-flow-diagrams-iitkgp/experiment/simulation/js/exercise2.js
   13:10  warning  'addbtnt21' is defined but never used     no-unused-vars
   43:7   warning  'newLi2' is not defined                   no-undef
   45:7   warning  'newLi2' is not defined                   no-undef
   47:7   warning  'newLi2' is not defined                   no-undef
   48:7   warning  'newLi2' is not defined                   no-undef
   52:54  warning  'newLi2' is not defined                   no-undef
   96:10  warning  'addbtnt22' is defined but never used     no-unused-vars
  143:7   warning  'newLi2' is not defined                   no-undef
  146:7   warning  'newLi2' is not defined                   no-undef
  147:7   warning  'newLi2' is not defined                   no-undef
  148:7   warning  'newLi2' is not defined                   no-undef
  149:7   warning  'newLi2' is not defined                   no-undef
  152:7   warning  'newLi2' is not defined                   no-undef
  155:55  warning  'newLi2' is not defined                   no-undef
  158:7   warning  'newLi2' is not defined                   no-undef
  205:10  warning  'addbtnt23' is defined but never used     no-unused-vars
  241:7   warning  'newLin2' is not defined                  no-undef
  245:7   warning  'newLin2' is not defined                  no-undef
  246:7   warning  'newLin2' is not defined                  no-undef
  251:50  warning  'newLin2' is not defined                  no-undef
  252:7   warning  'newLin2' is not defined                  no-undef
  295:10  warning  'addbtnt24' is defined but never used     no-unused-vars
  349:5   warning  'tr' is not defined                       no-undef
  350:5   warning  'tr' is not defined                       no-undef
  351:55  warning  'tr' is not defined                       no-undef
  384:5   warning  'tr' is not defined                       no-undef
  385:5   warning  'tr' is not defined                       no-undef
  386:5   warning  'tr' is not defined                       no-undef
  387:5   warning  'tr' is not defined                       no-undef
  390:55  warning  'tr' is not defined                       no-undef
  397:10  warning  'removerowtr2' is defined but never used  no-unused-vars
  399:5   warning  '$' is not defined                        no-undef
  410:10  warning  'removerowli2' is defined but never used  no-unused-vars
  413:26  warning  '$' is not defined                        no-undef
  414:5   warning  '$' is not defined                        no-undef
  416:5   warning  '$' is not defined                        no-undef
  417:5   warning  '$' is not defined                        no-undef
  427:9   warning  'index' is already defined                no-redeclare
  434:9   warning  'index' is already defined                no-redeclare
  449:10  warning  'drawbtex2' is defined but never used     no-unused-vars
  464:19  warning  'joint' is not defined                    no-undef
  466:19  warning  'joint' is not defined                    no-undef
  468:3   warning  'paper' is not defined                    no-undef
  468:15  warning  'joint' is not defined                    no-undef
  486:23  warning  'joint' is not defined                    no-undef
  506:22  warning  'joint' is not defined                    no-undef
  526:22  warning  'joint' is not defined                    no-undef
  546:22  warning  'joint' is not defined                    no-undef
  566:17  warning  'joint' is not defined                    no-undef
  576:18  warning  'joint' is not defined                    no-undef
  596:18  warning  'joint' is not defined                    no-undef
  615:18  warning  'joint' is not defined                    no-undef
  634:18  warning  'joint' is not defined                    no-undef
  657:18  warning  'joint' is not defined                    no-undef
  676:18  warning  'joint' is not defined                    no-undef
  698:18  warning  'joint' is not defined                    no-undef
  720:18  warning  'joint' is not defined                    no-undef
  739:19  warning  'joint' is not defined                    no-undef
  769:19  warning  'joint' is not defined                    no-undef
  796:19  warning  'joint' is not defined                    no-undef
  813:19  warning  'joint' is not defined                    no-undef
  829:19  warning  'joint' is not defined                    no-undef
  846:19  warning  'joint' is not defined                    no-undef
  863:19  warning  'joint' is not defined                    no-undef
  879:19  warning  'joint' is not defined                    no-undef

/home/runner/work/exp-modeling-data-flow-diagrams-iitkgp/exp-modeling-data-flow-diagrams-iitkgp/experiment/simulation/js/main.js
   9:10  warning  'subex' is defined but never used          no-unused-vars
  60:10  warning  'viewsolutionb' is defined but never used  no-unused-vars
  75:10  warning  'solview' is defined but never used        no-unused-vars

/home/runner/work/exp-modeling-data-flow-diagrams-iitkgp/exp-modeling-data-flow-diagrams-iitkgp/experiment/simulation/js/simulation.js
    7:10  warning  'playsimulation' is defined but never used  no-unused-vars
   32:10  warning  'gonextp2' is defined but never used        no-unused-vars
   70:10  warning  'gonextp3' is defined but never used        no-unused-vars
  105:10  warning  'gonextp4' is defined but never used        no-unused-vars
  172:12  warning  'replaybtn' is defined but never used       no-unused-vars

✖ 132 problems (0 errors, 132 warnings)

